2024-11-13 16:18:02,372 - INFO - Starting CEM comparison experiments...
2024-11-13 16:18:02,373 - INFO - 
Running Random Shooting experiment...
2024-11-13 16:18:02,373 - INFO - 
==================================================
2024-11-13 16:18:02,373 - INFO - Starting experiment: q5_cheetah_random
2024-11-13 16:18:02,373 - INFO - Command: python rob831/hw4_part1/scripts/run_hw4_mb.py --exp_name q5_cheetah_random --env_name 'cheetah-hw4_part1-v0' --mpc_horizon 15 --add_sl_noise --num_agent_train_steps_per_iter 1500 --batch_size_initial 5000 --batch_size 5000 --n_iter 5 --video_log_freq -1 --mpc_action_sampling_strategy 'random'
2024-11-13 16:18:02,373 - INFO - Start time: 2024-11-13 16:18:02
2024-11-13 17:07:27,374 - INFO - Experiment completed successfully
2024-11-13 17:07:27,374 - INFO - Duration: 0:49:25.000984
2024-11-13 17:07:27,374 - INFO - 
Running CEM (2 iterations) experiment...
2024-11-13 17:07:27,374 - INFO - 
==================================================
2024-11-13 17:07:27,374 - INFO - Starting experiment: q5_cheetah_cem_2
2024-11-13 17:07:27,374 - INFO - Command: python rob831/hw4_part1/scripts/run_hw4_mb.py --exp_name q5_cheetah_cem_2 --env_name 'cheetah-hw4_part1-v0' --mpc_horizon 15 --add_sl_noise --num_agent_train_steps_per_iter 1500 --batch_size_initial 5000 --batch_size 5000 --n_iter 5 --video_log_freq -1 --mpc_action_sampling_strategy 'cem' --cem_iterations 2
2024-11-13 17:07:27,374 - INFO - Start time: 2024-11-13 17:07:27
2024-11-13 18:06:31,458 - INFO - Experiment completed successfully
2024-11-13 18:06:31,458 - INFO - Duration: 0:59:04.083454
2024-11-13 18:06:31,458 - INFO - 
Running CEM (4 iterations) experiment...
2024-11-13 18:06:31,458 - INFO - 
==================================================
2024-11-13 18:06:31,458 - INFO - Starting experiment: q5_cheetah_cem_4
2024-11-13 18:06:31,458 - INFO - Command: python rob831/hw4_part1/scripts/run_hw4_mb.py --exp_name q5_cheetah_cem_4 --env_name 'cheetah-hw4_part1-v0' --mpc_horizon 15 --add_sl_noise --num_agent_train_steps_per_iter 1500 --batch_size_initial 5000 --batch_size 5000 --n_iter 5 --video_log_freq -1 --mpc_action_sampling_strategy 'cem' --cem_iterations 4
2024-11-13 18:06:31,458 - INFO - Start time: 2024-11-13 18:06:31
2024-11-13 20:04:07,230 - INFO - Experiment completed successfully
2024-11-13 20:04:07,230 - INFO - Duration: 1:57:35.771649
2024-11-13 20:04:07,235 - INFO - No path found after rob831/hw4_part1/scripts/../../data/hw4_q5_cheetah_random_cheetah-hw4_part1-v0_13-11-2024_16-18-03/events.out.tfevents.1731532683.romerik-hacker
2024-11-13 20:04:07,235 - INFO - Successfully loaded data for Random Shooting
2024-11-13 20:04:07,240 - INFO - No path found after rob831/hw4_part1/scripts/../../data/hw4_q5_cheetah_cem_2_cheetah-hw4_part1-v0_13-11-2024_17-07-27/events.out.tfevents.1731535647.romerik-hacker
2024-11-13 20:04:07,241 - INFO - Successfully loaded data for CEM (2 iterations)
2024-11-13 20:04:07,243 - INFO - No path found after rob831/hw4_part1/scripts/../../data/hw4_q5_cheetah_cem_4_cheetah-hw4_part1-v0_13-11-2024_18-06-31/events.out.tfevents.1731539191.romerik-hacker
2024-11-13 20:04:07,244 - INFO - Successfully loaded data for CEM (4 iterations)
2024-11-13 20:04:07,573 - INFO - Saved plot: cem_comparison.png
2024-11-13 20:04:07,574 - INFO - 
All experiments completed!
2024-11-13 20:04:07,574 - INFO - Total duration: 3:46:05.201128
2024-11-13 20:04:07,574 - INFO - All experiments and analysis complete!
