2024-11-13 02:29:12,849 - INFO - Starting experiment analysis...
2024-11-13 02:29:12,851 - INFO - Initializing analyzer with base directory: rob831/data
2024-11-13 02:29:12,851 - INFO - 
Processing Planning Horizon experiments...
2024-11-13 02:29:12,851 - INFO - Loading data for Horizon 5...
2024-11-13 02:29:12,851 - INFO - Processing directory: rob831/data/hw4_q4_reacher_horizon5_reacher-hw4_part1-v0_13-11-2024_01-57-45
2024-11-13 02:29:12,855 - INFO - No path found after rob831/data/hw4_q4_reacher_horizon5_reacher-hw4_part1-v0_13-11-2024_01-57-45/events.out.tfevents.1731481065.romerik-hacker
2024-11-13 02:29:12,855 - INFO - Successfully loaded data for Horizon 5
2024-11-13 02:29:12,855 - INFO - Loading data for Horizon 15...
2024-11-13 02:29:12,856 - WARNING - No directories found matching pattern: rob831/data/hw4_q4_reacher_horizon15*
2024-11-13 02:29:12,856 - WARNING - No data found for Horizon 15
2024-11-13 02:29:12,856 - INFO - Loading data for Horizon 30...
2024-11-13 02:29:12,856 - WARNING - No directories found matching pattern: rob831/data/hw4_q4_reacher_horizon30*
2024-11-13 02:29:12,856 - WARNING - No data found for Horizon 30
2024-11-13 02:29:13,147 - INFO - Saved plot: planning_horizon_comparison.png
2024-11-13 02:29:13,147 - INFO - 
Processing Action Sequences experiments...
2024-11-13 02:29:13,147 - INFO - Loading data for 100 Sequences...
2024-11-13 02:29:13,147 - WARNING - No directories found matching pattern: rob831/data/hw4_q4_reacher_numseq100*
2024-11-13 02:29:13,147 - WARNING - No data found for 100 Sequences
2024-11-13 02:29:13,147 - INFO - Loading data for 1000 Sequences...
2024-11-13 02:29:13,148 - WARNING - No directories found matching pattern: rob831/data/hw4_q4_reacher_numseq1000*
2024-11-13 02:29:13,148 - WARNING - No data found for 1000 Sequences
2024-11-13 02:29:13,148 - WARNING - No data available to plot for Action Sequences
2024-11-13 02:29:13,148 - INFO - 
Processing Ensemble Size experiments...
2024-11-13 02:29:13,148 - INFO - Loading data for 1 Model...
2024-11-13 02:29:13,148 - WARNING - No directories found matching pattern: rob831/data/hw4_q4_reacher_ensemble1*
2024-11-13 02:29:13,148 - WARNING - No data found for 1 Model
2024-11-13 02:29:13,148 - INFO - Loading data for 3 Models...
2024-11-13 02:29:13,148 - WARNING - No directories found matching pattern: rob831/data/hw4_q4_reacher_ensemble3*
2024-11-13 02:29:13,148 - WARNING - No data found for 3 Models
2024-11-13 02:29:13,148 - INFO - Loading data for 5 Models...
2024-11-13 02:29:13,148 - WARNING - No directories found matching pattern: rob831/data/hw4_q4_reacher_ensemble5*
2024-11-13 02:29:13,148 - WARNING - No data found for 5 Models
2024-11-13 02:29:13,148 - WARNING - No data available to plot for Ensemble Size
2024-11-13 02:29:13,148 - INFO - Analysis complete!
2024-11-13 02:31:12,375 - INFO - Starting experiment analysis...
2024-11-13 02:31:12,375 - INFO - Initializing analyzer with base directory: rob831/hw4_part1/scripts/../../data
2024-11-13 02:31:12,375 - INFO - 
Processing Planning Horizon experiments...
2024-11-13 02:31:12,375 - INFO - Loading data for Horizon 5...
2024-11-13 02:31:12,376 - INFO - Processing directory: rob831/hw4_part1/scripts/../../data/hw4_q4_reacher_horizon5_reacher-hw4_part1-v0_13-11-2024_01-57-45
2024-11-13 02:31:12,380 - INFO - No path found after rob831/hw4_part1/scripts/../../data/hw4_q4_reacher_horizon5_reacher-hw4_part1-v0_13-11-2024_01-57-45/events.out.tfevents.1731481065.romerik-hacker
2024-11-13 02:31:12,380 - INFO - Successfully loaded data for Horizon 5 with 15 points
2024-11-13 02:31:12,381 - INFO - Values: [-1005.14501953  -330.57397461  -260.1781311   -280.15039062
  -301.87994385  -284.30300903  -348.70031738  -285.13061523
  -273.91046143  -280.64019775  -284.81149292  -262.14202881
  -269.29302979  -260.73049927  -285.47424316]
2024-11-13 02:31:12,381 - INFO - Loading data for Horizon 15...
2024-11-13 02:31:12,381 - WARNING - No directories found matching pattern: rob831/hw4_part1/scripts/../../data/hw4_q4_reacher_horizon15*
2024-11-13 02:31:12,381 - WARNING - No data found for Horizon 15
2024-11-13 02:31:12,381 - INFO - Loading data for Horizon 30...
2024-11-13 02:31:12,381 - WARNING - No directories found matching pattern: rob831/hw4_part1/scripts/../../data/hw4_q4_reacher_horizon30*
2024-11-13 02:31:12,381 - WARNING - No data found for Horizon 30
2024-11-13 02:31:12,801 - INFO - Saved plot: planning_horizon_comparison.png
2024-11-13 02:31:12,802 - INFO - 
Processing Action Sequences experiments...
2024-11-13 02:31:12,802 - INFO - Loading data for 100 Sequences...
2024-11-13 02:31:12,802 - WARNING - No directories found matching pattern: rob831/hw4_part1/scripts/../../data/hw4_q4_reacher_numseq100*
2024-11-13 02:31:12,802 - WARNING - No data found for 100 Sequences
2024-11-13 02:31:12,802 - INFO - Loading data for 1000 Sequences...
2024-11-13 02:31:12,802 - WARNING - No directories found matching pattern: rob831/hw4_part1/scripts/../../data/hw4_q4_reacher_numseq1000*
2024-11-13 02:31:12,802 - WARNING - No data found for 1000 Sequences
2024-11-13 02:31:12,802 - WARNING - No data available to plot for Action Sequences
2024-11-13 02:31:12,802 - INFO - 
Processing Ensemble Size experiments...
2024-11-13 02:31:12,802 - INFO - Loading data for 1 Model...
2024-11-13 02:31:12,803 - WARNING - No directories found matching pattern: rob831/hw4_part1/scripts/../../data/hw4_q4_reacher_ensemble1*
2024-11-13 02:31:12,803 - WARNING - No data found for 1 Model
2024-11-13 02:31:12,803 - INFO - Loading data for 3 Models...
2024-11-13 02:31:12,803 - WARNING - No directories found matching pattern: rob831/hw4_part1/scripts/../../data/hw4_q4_reacher_ensemble3*
2024-11-13 02:31:12,803 - WARNING - No data found for 3 Models
2024-11-13 02:31:12,803 - INFO - Loading data for 5 Models...
2024-11-13 02:31:12,803 - WARNING - No directories found matching pattern: rob831/hw4_part1/scripts/../../data/hw4_q4_reacher_ensemble5*
2024-11-13 02:31:12,803 - WARNING - No data found for 5 Models
2024-11-13 02:31:12,803 - WARNING - No data available to plot for Ensemble Size
2024-11-13 02:31:12,803 - INFO - Analysis complete!
